2022-08-05 20:30:45 error: [Cake\Database\Exception\DatabaseException] SQLSTATE[42S02]: Base table or view not found: 1146 Table 'premierh_cake110.bakes' doesn't exist in /home2/premierh/payroll.premierhotelibadan.com/vendor/cakephp/cakephp/src/Database/Schema/Collection.php on line 160
Stack Trace:
- /home2/premierh/payroll.premierhotelibadan.com/vendor/cakephp/cakephp/src/Database/Schema/Collection.php:118
- /home2/premierh/payroll.premierhotelibadan.com/vendor/cakephp/cakephp/src/ORM/Table.php:513
- /home2/premierh/payroll.premierhotelibadan.com/vendor/cakephp/bake/src/Command/ModelCommand.php:111
- /home2/premierh/payroll.premierhotelibadan.com/vendor/cakephp/bake/src/Command/ModelCommand.php:94
- /home2/premierh/payroll.premierhotelibadan.com/vendor/cakephp/bake/src/Command/AllCommand.php:115
- /home2/premierh/payroll.premierhotelibadan.com/vendor/cakephp/cakephp/src/Console/BaseCommand.php:189
- /home2/premierh/payroll.premierhotelibadan.com/vendor/cakephp/cakephp/src/Console/CommandRunner.php:334
- /home2/premierh/payroll.premierhotelibadan.com/vendor/cakephp/cakephp/src/Console/CommandRunner.php:172
- /home2/premierh/payroll.premierhotelibadan.com/bin/cake.php:12

Caused by: [PDOException] SQLSTATE[42S02]: Base table or view not found: 1146 Table 'premierh_cake110.bakes' doesn't exist in /home2/premierh/payroll.premierhotelibadan.com/vendor/cakephp/cakephp/src/Database/Statement/MysqlStatement.php on line 39
Stack Trace:
- /home2/premierh/payroll.premierhotelibadan.com/vendor/cakephp/cakephp/src/Database/Statement/MysqlStatement.php:39
- /home2/premierh/payroll.premierhotelibadan.com/vendor/cakephp/cakephp/src/Database/Connection.php:328
- /home2/premierh/payroll.premierhotelibadan.com/vendor/cakephp/cakephp/src/Core/Retry/CommandRetry.php:70
- /home2/premierh/payroll.premierhotelibadan.com/vendor/cakephp/cakephp/src/Database/Connection.php:331
- /home2/premierh/payroll.premierhotelibadan.com/vendor/cakephp/cakephp/src/Database/Schema/Collection.php:158
- /home2/premierh/payroll.premierhotelibadan.com/vendor/cakephp/cakephp/src/Database/Schema/Collection.php:118
- /home2/premierh/payroll.premierhotelibadan.com/vendor/cakephp/cakephp/src/ORM/Table.php:513
- /home2/premierh/payroll.premierhotelibadan.com/vendor/cakephp/bake/src/Command/ModelCommand.php:111
- /home2/premierh/payroll.premierhotelibadan.com/vendor/cakephp/bake/src/Command/ModelCommand.php:94
- /home2/premierh/payroll.premierhotelibadan.com/vendor/cakephp/bake/src/Command/AllCommand.php:115
- /home2/premierh/payroll.premierhotelibadan.com/vendor/cakephp/cakephp/src/Console/BaseCommand.php:189
- /home2/premierh/payroll.premierhotelibadan.com/vendor/cakephp/cakephp/src/Console/CommandRunner.php:334
- /home2/premierh/payroll.premierhotelibadan.com/vendor/cakephp/cakephp/src/Console/CommandRunner.php:172
- /home2/premierh/payroll.premierhotelibadan.com/bin/cake.php:12

2022-08-05 21:24:11 error: [Cake\Database\Exception\DatabaseException] SQLSTATE[42S02]: Base table or view not found: 1146 Table 'premierh_cake110.comapnies' doesn't exist in /home2/premierh/payroll.premierhotelibadan.com/vendor/cakephp/cakephp/src/Database/Schema/Collection.php on line 160
Stack Trace:
- /home2/premierh/payroll.premierhotelibadan.com/vendor/cakephp/cakephp/src/Database/Schema/Collection.php:118
- /home2/premierh/payroll.premierhotelibadan.com/vendor/cakephp/cakephp/src/ORM/Table.php:513
- /home2/premierh/payroll.premierhotelibadan.com/vendor/cakephp/bake/src/Command/ModelCommand.php:111
- /home2/premierh/payroll.premierhotelibadan.com/vendor/cakephp/bake/src/Command/ModelCommand.php:94
- /home2/premierh/payroll.premierhotelibadan.com/vendor/cakephp/bake/src/Command/AllCommand.php:115
- /home2/premierh/payroll.premierhotelibadan.com/vendor/cakephp/cakephp/src/Console/BaseCommand.php:189
- /home2/premierh/payroll.premierhotelibadan.com/vendor/cakephp/cakephp/src/Console/CommandRunner.php:334
- /home2/premierh/payroll.premierhotelibadan.com/vendor/cakephp/cakephp/src/Console/CommandRunner.php:172
- /home2/premierh/payroll.premierhotelibadan.com/bin/cake.php:12

Caused by: [PDOException] SQLSTATE[42S02]: Base table or view not found: 1146 Table 'premierh_cake110.comapnies' doesn't exist in /home2/premierh/payroll.premierhotelibadan.com/vendor/cakephp/cakephp/src/Database/Statement/MysqlStatement.php on line 39
Stack Trace:
- /home2/premierh/payroll.premierhotelibadan.com/vendor/cakephp/cakephp/src/Database/Statement/MysqlStatement.php:39
- /home2/premierh/payroll.premierhotelibadan.com/vendor/cakephp/cakephp/src/Database/Connection.php:328
- /home2/premierh/payroll.premierhotelibadan.com/vendor/cakephp/cakephp/src/Core/Retry/CommandRetry.php:70
- /home2/premierh/payroll.premierhotelibadan.com/vendor/cakephp/cakephp/src/Database/Connection.php:331
- /home2/premierh/payroll.premierhotelibadan.com/vendor/cakephp/cakephp/src/Database/Schema/Collection.php:158
- /home2/premierh/payroll.premierhotelibadan.com/vendor/cakephp/cakephp/src/Database/Schema/Collection.php:118
- /home2/premierh/payroll.premierhotelibadan.com/vendor/cakephp/cakephp/src/ORM/Table.php:513
- /home2/premierh/payroll.premierhotelibadan.com/vendor/cakephp/bake/src/Command/ModelCommand.php:111
- /home2/premierh/payroll.premierhotelibadan.com/vendor/cakephp/bake/src/Command/ModelCommand.php:94
- /home2/premierh/payroll.premierhotelibadan.com/vendor/cakephp/bake/src/Command/AllCommand.php:115
- /home2/premierh/payroll.premierhotelibadan.com/vendor/cakephp/cakephp/src/Console/BaseCommand.php:189
- /home2/premierh/payroll.premierhotelibadan.com/vendor/cakephp/cakephp/src/Console/CommandRunner.php:334
- /home2/premierh/payroll.premierhotelibadan.com/vendor/cakephp/cakephp/src/Console/CommandRunner.php:172
- /home2/premierh/payroll.premierhotelibadan.com/bin/cake.php:12

2022-08-05 21:25:41 error: [Cake\Database\Exception\DatabaseException] SQLSTATE[42S02]: Base table or view not found: 1146 Table 'premierh_cake110.other_deparments' doesn't exist in /home2/premierh/payroll.premierhotelibadan.com/vendor/cakephp/cakephp/src/Database/Schema/Collection.php on line 160
Stack Trace:
- /home2/premierh/payroll.premierhotelibadan.com/vendor/cakephp/cakephp/src/Database/Schema/Collection.php:118
- /home2/premierh/payroll.premierhotelibadan.com/vendor/cakephp/cakephp/src/ORM/Table.php:513
- /home2/premierh/payroll.premierhotelibadan.com/vendor/cakephp/bake/src/Command/ModelCommand.php:111
- /home2/premierh/payroll.premierhotelibadan.com/vendor/cakephp/bake/src/Command/ModelCommand.php:94
- /home2/premierh/payroll.premierhotelibadan.com/vendor/cakephp/bake/src/Command/AllCommand.php:115
- /home2/premierh/payroll.premierhotelibadan.com/vendor/cakephp/cakephp/src/Console/BaseCommand.php:189
- /home2/premierh/payroll.premierhotelibadan.com/vendor/cakephp/cakephp/src/Console/CommandRunner.php:334
- /home2/premierh/payroll.premierhotelibadan.com/vendor/cakephp/cakephp/src/Console/CommandRunner.php:172
- /home2/premierh/payroll.premierhotelibadan.com/bin/cake.php:12

Caused by: [PDOException] SQLSTATE[42S02]: Base table or view not found: 1146 Table 'premierh_cake110.other_deparments' doesn't exist in /home2/premierh/payroll.premierhotelibadan.com/vendor/cakephp/cakephp/src/Database/Statement/MysqlStatement.php on line 39
Stack Trace:
- /home2/premierh/payroll.premierhotelibadan.com/vendor/cakephp/cakephp/src/Database/Statement/MysqlStatement.php:39
- /home2/premierh/payroll.premierhotelibadan.com/vendor/cakephp/cakephp/src/Database/Connection.php:328
- /home2/premierh/payroll.premierhotelibadan.com/vendor/cakephp/cakephp/src/Core/Retry/CommandRetry.php:70
- /home2/premierh/payroll.premierhotelibadan.com/vendor/cakephp/cakephp/src/Database/Connection.php:331
- /home2/premierh/payroll.premierhotelibadan.com/vendor/cakephp/cakephp/src/Database/Schema/Collection.php:158
- /home2/premierh/payroll.premierhotelibadan.com/vendor/cakephp/cakephp/src/Database/Schema/Collection.php:118
- /home2/premierh/payroll.premierhotelibadan.com/vendor/cakephp/cakephp/src/ORM/Table.php:513
- /home2/premierh/payroll.premierhotelibadan.com/vendor/cakephp/bake/src/Command/ModelCommand.php:111
- /home2/premierh/payroll.premierhotelibadan.com/vendor/cakephp/bake/src/Command/ModelCommand.php:94
- /home2/premierh/payroll.premierhotelibadan.com/vendor/cakephp/bake/src/Command/AllCommand.php:115
- /home2/premierh/payroll.premierhotelibadan.com/vendor/cakephp/cakephp/src/Console/BaseCommand.php:189
- /home2/premierh/payroll.premierhotelibadan.com/vendor/cakephp/cakephp/src/Console/CommandRunner.php:334
- /home2/premierh/payroll.premierhotelibadan.com/vendor/cakephp/cakephp/src/Console/CommandRunner.php:172
- /home2/premierh/payroll.premierhotelibadan.com/bin/cake.php:12

2022-08-08 20:51:38 error: [Cake\Database\Exception\DatabaseException] SQLSTATE[42S02]: Base table or view not found: 1146 Table 'premierh_cake110.profile' doesn't exist in /home2/premierh/payroll.premierhotelibadan.com/vendor/cakephp/cakephp/src/Database/Schema/Collection.php on line 160
Stack Trace:
- /home2/premierh/payroll.premierhotelibadan.com/vendor/cakephp/cakephp/src/Database/Schema/Collection.php:118
- /home2/premierh/payroll.premierhotelibadan.com/vendor/cakephp/cakephp/src/ORM/Table.php:513
- /home2/premierh/payroll.premierhotelibadan.com/vendor/cakephp/bake/src/Command/ModelCommand.php:111
- /home2/premierh/payroll.premierhotelibadan.com/vendor/cakephp/bake/src/Command/ModelCommand.php:94
- /home2/premierh/payroll.premierhotelibadan.com/vendor/cakephp/bake/src/Command/AllCommand.php:115
- /home2/premierh/payroll.premierhotelibadan.com/vendor/cakephp/cakephp/src/Console/BaseCommand.php:189
- /home2/premierh/payroll.premierhotelibadan.com/vendor/cakephp/cakephp/src/Console/CommandRunner.php:334
- /home2/premierh/payroll.premierhotelibadan.com/vendor/cakephp/cakephp/src/Console/CommandRunner.php:172
- /home2/premierh/payroll.premierhotelibadan.com/bin/cake.php:12

Caused by: [PDOException] SQLSTATE[42S02]: Base table or view not found: 1146 Table 'premierh_cake110.profile' doesn't exist in /home2/premierh/payroll.premierhotelibadan.com/vendor/cakephp/cakephp/src/Database/Statement/MysqlStatement.php on line 39
Stack Trace:
- /home2/premierh/payroll.premierhotelibadan.com/vendor/cakephp/cakephp/src/Database/Statement/MysqlStatement.php:39
- /home2/premierh/payroll.premierhotelibadan.com/vendor/cakephp/cakephp/src/Database/Connection.php:328
- /home2/premierh/payroll.premierhotelibadan.com/vendor/cakephp/cakephp/src/Core/Retry/CommandRetry.php:70
- /home2/premierh/payroll.premierhotelibadan.com/vendor/cakephp/cakephp/src/Database/Connection.php:331
- /home2/premierh/payroll.premierhotelibadan.com/vendor/cakephp/cakephp/src/Database/Schema/Collection.php:158
- /home2/premierh/payroll.premierhotelibadan.com/vendor/cakephp/cakephp/src/Database/Schema/Collection.php:118
- /home2/premierh/payroll.premierhotelibadan.com/vendor/cakephp/cakephp/src/ORM/Table.php:513
- /home2/premierh/payroll.premierhotelibadan.com/vendor/cakephp/bake/src/Command/ModelCommand.php:111
- /home2/premierh/payroll.premierhotelibadan.com/vendor/cakephp/bake/src/Command/ModelCommand.php:94
- /home2/premierh/payroll.premierhotelibadan.com/vendor/cakephp/bake/src/Command/AllCommand.php:115
- /home2/premierh/payroll.premierhotelibadan.com/vendor/cakephp/cakephp/src/Console/BaseCommand.php:189
- /home2/premierh/payroll.premierhotelibadan.com/vendor/cakephp/cakephp/src/Console/CommandRunner.php:334
- /home2/premierh/payroll.premierhotelibadan.com/vendor/cakephp/cakephp/src/Console/CommandRunner.php:172
- /home2/premierh/payroll.premierhotelibadan.com/bin/cake.php:12

2022-08-14 17:13:55 error: [InvalidArgumentException] Cannot convert value of type `boolean` to integer in C:\xampp\htdocs\cake4\vendor\cakephp\cakephp\src\Database\Type\IntegerType.php on line 40
Stack Trace:
- C:\xampp\htdocs\cake4\vendor\cakephp\cakephp\src\Database\Type\IntegerType.php:60
- C:\xampp\htdocs\cake4\vendor\cakephp\cakephp\src\Database\TypeConverterTrait.php:39
- C:\xampp\htdocs\cake4\vendor\cakephp\cakephp\src\Database\Statement\PDOStatement.php:96
- C:\xampp\htdocs\cake4\vendor\cakephp\cakephp\src\Database\ValueBinder.php:148
- C:\xampp\htdocs\cake4\vendor\cakephp\cakephp\src\Database\Connection.php:358
- C:\xampp\htdocs\cake4\vendor\cakephp\cakephp\src\Core\Retry\CommandRetry.php:70
- C:\xampp\htdocs\cake4\vendor\cakephp\cakephp\src\Database\Connection.php:362
- C:\xampp\htdocs\cake4\vendor\cakephp\cakephp\src\Database\Query.php:254
- C:\xampp\htdocs\cake4\vendor\cakephp\cakephp\src\ORM\Table.php:2083
- C:\xampp\htdocs\cake4\vendor\cakephp\cakephp\src\ORM\Table.php:1976
- C:\xampp\htdocs\cake4\vendor\cakephp\cakephp\src\ORM\Table.php:1875
- C:\xampp\htdocs\cake4\vendor\cakephp\cakephp\src\ORM\Table.php:1562
- C:\xampp\htdocs\cake4\vendor\cakephp\cakephp\src\Database\Connection.php:708
- C:\xampp\htdocs\cake4\vendor\cakephp\cakephp\src\ORM\Table.php:1563
- C:\xampp\htdocs\cake4\vendor\cakephp\cakephp\src\ORM\Table.php:1876
- C:\xampp\htdocs\cake4\vendor\cakedc\users\src\Shell\UsersShell.php:346
- C:\xampp\htdocs\cake4\vendor\cakedc\users\src\Shell\UsersShell.php:116
- C:\xampp\htdocs\cake4\vendor\cakephp\cakephp\src\Console\Shell.php:500
- C:\xampp\htdocs\cake4\vendor\cakephp\cakephp\src\Console\CommandRunner.php:352
- C:\xampp\htdocs\cake4\vendor\cakephp\cakephp\src\Console\CommandRunner.php:169
- C:\xampp\htdocs\cake4\bin\cake.php:12

2022-08-14 17:14:02 error: [InvalidArgumentException] Cannot convert value of type `boolean` to integer in C:\xampp\htdocs\cake4\vendor\cakephp\cakephp\src\Database\Type\IntegerType.php on line 40
Stack Trace:
- C:\xampp\htdocs\cake4\vendor\cakephp\cakephp\src\Database\Type\IntegerType.php:60
- C:\xampp\htdocs\cake4\vendor\cakephp\cakephp\src\Database\TypeConverterTrait.php:39
- C:\xampp\htdocs\cake4\vendor\cakephp\cakephp\src\Database\Statement\PDOStatement.php:96
- C:\xampp\htdocs\cake4\vendor\cakephp\cakephp\src\Database\ValueBinder.php:148
- C:\xampp\htdocs\cake4\vendor\cakephp\cakephp\src\Database\Connection.php:358
- C:\xampp\htdocs\cake4\vendor\cakephp\cakephp\src\Core\Retry\CommandRetry.php:70
- C:\xampp\htdocs\cake4\vendor\cakephp\cakephp\src\Database\Connection.php:362
- C:\xampp\htdocs\cake4\vendor\cakephp\cakephp\src\Database\Query.php:254
- C:\xampp\htdocs\cake4\vendor\cakephp\cakephp\src\ORM\Table.php:2083
- C:\xampp\htdocs\cake4\vendor\cakephp\cakephp\src\ORM\Table.php:1976
- C:\xampp\htdocs\cake4\vendor\cakephp\cakephp\src\ORM\Table.php:1875
- C:\xampp\htdocs\cake4\vendor\cakephp\cakephp\src\ORM\Table.php:1562
- C:\xampp\htdocs\cake4\vendor\cakephp\cakephp\src\Database\Connection.php:708
- C:\xampp\htdocs\cake4\vendor\cakephp\cakephp\src\ORM\Table.php:1563
- C:\xampp\htdocs\cake4\vendor\cakephp\cakephp\src\ORM\Table.php:1876
- C:\xampp\htdocs\cake4\vendor\cakedc\users\src\Shell\UsersShell.php:346
- C:\xampp\htdocs\cake4\vendor\cakedc\users\src\Shell\UsersShell.php:116
- C:\xampp\htdocs\cake4\vendor\cakephp\cakephp\src\Console\Shell.php:500
- C:\xampp\htdocs\cake4\vendor\cakephp\cakephp\src\Console\CommandRunner.php:352
- C:\xampp\htdocs\cake4\vendor\cakephp\cakephp\src\Console\CommandRunner.php:169
- C:\xampp\htdocs\cake4\bin\cake.php:12

2022-08-14 17:14:08 error: [InvalidArgumentException] Cannot convert value of type `boolean` to integer in C:\xampp\htdocs\cake4\vendor\cakephp\cakephp\src\Database\Type\IntegerType.php on line 40
Stack Trace:
- C:\xampp\htdocs\cake4\vendor\cakephp\cakephp\src\Database\Type\IntegerType.php:60
- C:\xampp\htdocs\cake4\vendor\cakephp\cakephp\src\Database\TypeConverterTrait.php:39
- C:\xampp\htdocs\cake4\vendor\cakephp\cakephp\src\Database\Statement\PDOStatement.php:96
- C:\xampp\htdocs\cake4\vendor\cakephp\cakephp\src\Database\ValueBinder.php:148
- C:\xampp\htdocs\cake4\vendor\cakephp\cakephp\src\Database\Connection.php:358
- C:\xampp\htdocs\cake4\vendor\cakephp\cakephp\src\Core\Retry\CommandRetry.php:70
- C:\xampp\htdocs\cake4\vendor\cakephp\cakephp\src\Database\Connection.php:362
- C:\xampp\htdocs\cake4\vendor\cakephp\cakephp\src\Database\Query.php:254
- C:\xampp\htdocs\cake4\vendor\cakephp\cakephp\src\ORM\Table.php:2083
- C:\xampp\htdocs\cake4\vendor\cakephp\cakephp\src\ORM\Table.php:1976
- C:\xampp\htdocs\cake4\vendor\cakephp\cakephp\src\ORM\Table.php:1875
- C:\xampp\htdocs\cake4\vendor\cakephp\cakephp\src\ORM\Table.php:1562
- C:\xampp\htdocs\cake4\vendor\cakephp\cakephp\src\Database\Connection.php:708
- C:\xampp\htdocs\cake4\vendor\cakephp\cakephp\src\ORM\Table.php:1563
- C:\xampp\htdocs\cake4\vendor\cakephp\cakephp\src\ORM\Table.php:1876
- C:\xampp\htdocs\cake4\vendor\cakedc\users\src\Shell\UsersShell.php:346
- C:\xampp\htdocs\cake4\vendor\cakedc\users\src\Shell\UsersShell.php:116
- C:\xampp\htdocs\cake4\vendor\cakephp\cakephp\src\Console\Shell.php:500
- C:\xampp\htdocs\cake4\vendor\cakephp\cakephp\src\Console\CommandRunner.php:352
- C:\xampp\htdocs\cake4\vendor\cakephp\cakephp\src\Console\CommandRunner.php:169
- C:\xampp\htdocs\cake4\bin\cake.php:12

2022-08-25 14:57:57 error: [Cake\Database\Exception\DatabaseException] SQLSTATE[42S02]: Base table or view not found: 1146 Table 'premierh_cake110.halls' doesn't exist in C:\xampp\htdocs\cake4\vendor\cakephp\cakephp\src\Database\Schema\Collection.php on line 160
Stack Trace:
- C:\xampp\htdocs\cake4\vendor\cakephp\cakephp\src\Database\Schema\Collection.php:118
- C:\xampp\htdocs\cake4\vendor\cakephp\cakephp\src\ORM\Table.php:513
- C:\xampp\htdocs\cake4\vendor\cakephp\bake\src\Command\ModelCommand.php:111
- C:\xampp\htdocs\cake4\vendor\cakephp\bake\src\Command\ModelCommand.php:94
- C:\xampp\htdocs\cake4\vendor\cakephp\bake\src\Command\AllCommand.php:115
- C:\xampp\htdocs\cake4\vendor\cakephp\cakephp\src\Console\BaseCommand.php:189
- C:\xampp\htdocs\cake4\vendor\cakephp\cakephp\src\Console\CommandRunner.php:334
- C:\xampp\htdocs\cake4\vendor\cakephp\cakephp\src\Console\CommandRunner.php:172
- C:\xampp\htdocs\cake4\bin\cake.php:12

Caused by: [PDOException] SQLSTATE[42S02]: Base table or view not found: 1146 Table 'premierh_cake110.halls' doesn't exist in C:\xampp\htdocs\cake4\vendor\cakephp\cakephp\src\Database\Statement\MysqlStatement.php on line 39
Stack Trace:
- C:\xampp\htdocs\cake4\vendor\cakephp\cakephp\src\Database\Statement\MysqlStatement.php:39
- C:\xampp\htdocs\cake4\vendor\cakephp\cakephp\src\Database\Connection.php:328
- C:\xampp\htdocs\cake4\vendor\cakephp\cakephp\src\Core\Retry\CommandRetry.php:70
- C:\xampp\htdocs\cake4\vendor\cakephp\cakephp\src\Database\Connection.php:331
- C:\xampp\htdocs\cake4\vendor\cakephp\cakephp\src\Database\Schema\Collection.php:158
- C:\xampp\htdocs\cake4\vendor\cakephp\cakephp\src\Database\Schema\Collection.php:118
- C:\xampp\htdocs\cake4\vendor\cakephp\cakephp\src\ORM\Table.php:513
- C:\xampp\htdocs\cake4\vendor\cakephp\bake\src\Command\ModelCommand.php:111
- C:\xampp\htdocs\cake4\vendor\cakephp\bake\src\Command\ModelCommand.php:94
- C:\xampp\htdocs\cake4\vendor\cakephp\bake\src\Command\AllCommand.php:115
- C:\xampp\htdocs\cake4\vendor\cakephp\cakephp\src\Console\BaseCommand.php:189
- C:\xampp\htdocs\cake4\vendor\cakephp\cakephp\src\Console\CommandRunner.php:334
- C:\xampp\htdocs\cake4\vendor\cakephp\cakephp\src\Console\CommandRunner.php:172
- C:\xampp\htdocs\cake4\bin\cake.php:12

2022-08-25 14:58:09 error: [Cake\Database\Exception\DatabaseException] SQLSTATE[42S02]: Base table or view not found: 1146 Table 'premierh_cake110.halls' doesn't exist in C:\xampp\htdocs\cake4\vendor\cakephp\cakephp\src\Database\Schema\Collection.php on line 160
Stack Trace:
- C:\xampp\htdocs\cake4\vendor\cakephp\cakephp\src\Database\Schema\Collection.php:118
- C:\xampp\htdocs\cake4\vendor\cakephp\cakephp\src\ORM\Table.php:513
- C:\xampp\htdocs\cake4\vendor\cakephp\bake\src\Command\ModelCommand.php:111
- C:\xampp\htdocs\cake4\vendor\cakephp\bake\src\Command\ModelCommand.php:94
- C:\xampp\htdocs\cake4\vendor\cakephp\bake\src\Command\AllCommand.php:115
- C:\xampp\htdocs\cake4\vendor\cakephp\cakephp\src\Console\BaseCommand.php:189
- C:\xampp\htdocs\cake4\vendor\cakephp\cakephp\src\Console\CommandRunner.php:334
- C:\xampp\htdocs\cake4\vendor\cakephp\cakephp\src\Console\CommandRunner.php:172
- C:\xampp\htdocs\cake4\bin\cake.php:12

Caused by: [PDOException] SQLSTATE[42S02]: Base table or view not found: 1146 Table 'premierh_cake110.halls' doesn't exist in C:\xampp\htdocs\cake4\vendor\cakephp\cakephp\src\Database\Statement\MysqlStatement.php on line 39
Stack Trace:
- C:\xampp\htdocs\cake4\vendor\cakephp\cakephp\src\Database\Statement\MysqlStatement.php:39
- C:\xampp\htdocs\cake4\vendor\cakephp\cakephp\src\Database\Connection.php:328
- C:\xampp\htdocs\cake4\vendor\cakephp\cakephp\src\Core\Retry\CommandRetry.php:70
- C:\xampp\htdocs\cake4\vendor\cakephp\cakephp\src\Database\Connection.php:331
- C:\xampp\htdocs\cake4\vendor\cakephp\cakephp\src\Database\Schema\Collection.php:158
- C:\xampp\htdocs\cake4\vendor\cakephp\cakephp\src\Database\Schema\Collection.php:118
- C:\xampp\htdocs\cake4\vendor\cakephp\cakephp\src\ORM\Table.php:513
- C:\xampp\htdocs\cake4\vendor\cakephp\bake\src\Command\ModelCommand.php:111
- C:\xampp\htdocs\cake4\vendor\cakephp\bake\src\Command\ModelCommand.php:94
- C:\xampp\htdocs\cake4\vendor\cakephp\bake\src\Command\AllCommand.php:115
- C:\xampp\htdocs\cake4\vendor\cakephp\cakephp\src\Console\BaseCommand.php:189
- C:\xampp\htdocs\cake4\vendor\cakephp\cakephp\src\Console\CommandRunner.php:334
- C:\xampp\htdocs\cake4\vendor\cakephp\cakephp\src\Console\CommandRunner.php:172
- C:\xampp\htdocs\cake4\bin\cake.php:12

